"../../../Engine/Content/EngineMaterials/T_Default_Material_Grid_N.uasset" 0
"../../../Engine/Content/EngineMaterials/T_Default_Material_Grid_M.uasset" 1
"../../../Engine/Content/Functions/Engine_MaterialFunctions01/Opacity/CameraDepthFade.uasset" 2
"../../../Engine/Content/EngineMaterials/WorldGridMaterial.uasset" 3
"../../../Engine/Content/ArtTools/RenderToTexture/Meshes/S_1_Unit_Plane.uasset" 4
"../../../Engine/Content/EngineMaterials/DefaultMaterial.uasset" 5
"../../../Engine/Content/BasicShapes/Cone.uasset" 6
"../../../Engine/Content/BasicShapes/Cube.uasset" 7
"../../../Engine/Content/EditorLandscapeResources/DataLayer.uasset" 8
"../../../Engine/Content/EditorLandscapeResources/DefaultAlphaTexture.uasset" 9
"../../../Engine/Content/EditorMaterials/MAT_Groups_Toggle.uasset" 10
"../../../Engine/Content/EditorMaterials/MAT_Groups_Visibility.uasset" 11
"../../../Engine/Content/EditorMaterials/PreviewShadowIndicator.uasset" 12
"../../../Engine/Content/EditorMaterials/PreviewShadowIndicatorMaterial.uasset" 13
"../../../Engine/Content/EditorMaterials/MatineeGroups/MAT_ColorTrack.uasset" 14
"../../../Engine/Content/EditorMaterials/MatineeGroups/MAT_Groups_Anim.uasset" 15
"../../../Engine/Content/EditorMaterials/MatineeGroups/MAT_Groups_AudioMaster.uasset" 16
"../../../Engine/Content/EditorMaterials/MatineeGroups/MAT_Groups_Director.uasset" 17
"../../../Engine/Content/EditorMaterials/MatineeGroups/MAT_Groups_Event.uasset" 18
"../../../Engine/Content/EditorMaterials/MatineeGroups/MAT_Groups_Fade.uasset" 19
"../../../Engine/Content/EditorMaterials/MatineeGroups/MAT_Groups_Float.uasset" 20
"../../../Engine/Content/EditorMaterials/MatineeGroups/MAT_Groups_Move.uasset" 21
"../../../Engine/Content/EditorMaterials/MatineeGroups/MAT_Groups_Slomo.uasset" 22
"../../../Engine/Content/EditorMaterials/MatineeGroups/MAT_Groups_Sound.uasset" 23
"../../../Engine/Content/EditorMaterials/MatineeGroups/MAT_Groups_Vector.uasset" 24
"../../../Engine/Content/EditorMaterials/ParticleSystems/PSysThumbnail_NoImage.uasset" 25
"../../../Engine/Content/EditorMaterials/ParticleSystems/PSysThumbnail_OOD.uasset" 26
"../../../Engine/Content/EditorMaterials/Camera/CineMat.uasset" 27
"../../../Engine/Content/EditorMaterials/Camera/MI_CineMat_Rig.uasset" 28
"../../../Engine/Content/EditorMeshes/Camera/SM_CraneRig_Arm.uasset" 29
"../../../Engine/Content/EditorMeshes/Camera/SM_CraneRig_Base.uasset" 30
"../../../Engine/Content/EditorMeshes/Camera/SM_CraneRig_Body.uasset" 31
"../../../Engine/Content/EditorMeshes/Camera/SM_CraneRig_Mount.uasset" 32
"../../../Engine/Content/EditorMeshes/Camera/SM_RailRig_Mount.uasset" 33
"../../../Engine/Content/EditorMeshes/Camera/SM_RailRig_Track.uasset" 34
"../../../Engine/Content/EditorResources/BSPVertex.uasset" 35
"../../../Engine/Content/EditorResources/EmptyActor.uasset" 36
"../../../Engine/Content/EditorResources/S_Actor.uasset" 37
"../../../Engine/Content/EditorResources/S_Note.uasset" 38
"../../../Engine/Content/EditorResources/S_Solver.uasset" 39
"../../../Engine/Content/EditorResources/S_Terrain.uasset" 40
"../../../Engine/Content/EditorResources/S_Trigger.uasset" 41
"../../../Engine/Content/EditorResources/LightIcons/S_LightError.uasset" 42
"../../../Engine/Content/EditorResources/SequenceRecorder/Countdown.uasset" 43
"../../../Engine/Content/EditorResources/SequenceRecorder/RecordingIndicator.uasset" 44
"../../../Engine/Content/EngineDamageTypes/DmgTypeBP_Environmental.uasset" 45
"../../../Engine/Content/EngineDebugMaterials/DebugEditorMaterial.uasset" 46
"../../../Engine/Content/EngineDebugMaterials/DebugMeshMaterial.uasset" 47
"../../../Engine/Content/EngineDebugMaterials/M_SimpleUnlitTranslucent.uasset" 48
"../../../Engine/Content/EngineDebugMaterials/VolumeToRender.uasset" 49
"../../../Engine/Content/Functions/Engine_MaterialFunctions02/Utility/CameraDirectionVector.uasset" 50
"../../../Engine/Content/EngineDebugMaterials/M_VolumeRenderSphereTracePP.uasset" 51
"../../../Engine/Content/Functions/Engine_MaterialFunctions01/Shading/ConvertFromDiffSpec.uasset" 52
"../../../Engine/Content/EngineDebugMaterials/VertexColorMaterial.uasset" 53
"../../../Engine/Content/EngineDebugMaterials/WireframeMaterial.uasset" 54
"../../../Engine/Content/EngineFonts/Faces/RobotoRegular.uasset" 55
"../../../Engine/Content/EngineFonts/Faces/RobotoLight.uasset" 56
"../../../Engine/Content/EngineFonts/Faces/RobotoItalic.uasset" 57
"../../../Engine/Content/EngineFonts/Faces/RobotoBoldItalic.uasset" 58
"../../../Engine/Content/EngineFonts/Faces/RobotoBold.uasset" 59
"../../../Engine/Content/EngineFonts/Faces/DroidSansFallback.uasset" 60
"../../../Engine/Content/EngineFonts/Roboto.uasset" 61
"../../../Engine/Content/EngineMaterials/BaseFlattenNormalMap.uasset" 62
"../../../Engine/Content/EngineMaterials/BaseFlattenGrayscaleMap.uasset" 63
"../../../Engine/Content/EngineMaterials/BaseFlattenEmissiveMap.uasset" 64
"../../../Engine/Content/EngineMaterials/BaseFlattenDiffuseMap.uasset" 65
"../../../Engine/Content/EngineMaterials/BaseFlattenMaterial.uasset" 66
"../../../Engine/Content/EngineMaterials/BlueNoise.uasset" 67
"../../../Engine/Content/EngineMaterials/DefaultBloomKernel.uasset" 68
"../../../Engine/Content/EngineMaterials/DefaultBokeh.uasset" 69
"../../../Engine/Content/EngineMaterials/DefaultDiffuse.uasset" 70
"../../../Engine/Content/EngineMaterials/DefaultDeferredDecalMaterial.uasset" 71
"../../../Engine/Content/EngineMaterials/DefaultLightFunctionMaterial.uasset" 72
"../../../Engine/Content/EngineMaterials/DefaultPhysicalMaterial.uasset" 73
"../../../Engine/Content/Functions/Engine_MaterialFunctions02/Utility/BreakOutFloat2Components.uasset" 74
"../../../Engine/Content/EngineMaterials/DefaultPostProcessMaterial.uasset" 75
"../../../Engine/Content/EngineFonts/RobotoDistanceField.uasset" 76
"../../../Engine/Content/EngineMaterials/DefaultTextMaterialOpaque.uasset" 77
"../../../Engine/Content/EngineMaterials/DefaultWhiteGrid.uasset" 78
"../../../Engine/Content/EngineMaterials/DefaultWhiteGrid_Low.uasset" 79
"../../../Engine/Content/EngineMaterials/EmissiveMeshMaterial.uasset" 80
"../../../Engine/Content/EngineMaterials/GizmoMaterial.uasset" 81
"../../../Engine/Content/EngineMaterials/Good64x64TilingNoiseHighFreq.uasset" 82
"../../../Engine/Content/EngineMaterials/MiniFont.uasset" 83
"../../../Engine/Content/EngineMaterials/InvalidLightmapSettings.uasset" 84
"../../../Engine/Content/EngineMaterials/M_InvalidLightmapSettings.uasset" 85
"../../../Engine/Content/Functions/Engine_MaterialFunctions02/WorldPositionOffset/CameraOffset.uasset" 86
"../../../Engine/Content/EngineMaterials/PhAT_JointLimitMaterial.uasset" 87
"../../../Engine/Content/EngineMaterials/PreintegratedSkinBRDF.uasset" 88
"../../../Engine/Content/EngineMaterials/RemoveSurfaceMaterial.uasset" 89
"../../../Engine/Content/EngineMaterials/WeightMapPlaceholderTexture.uasset" 90
"../../../Engine/Content/EngineResources/WhiteSquareTexture.uasset" 91
"../../../Engine/Content/EngineMaterials/Widget3DPassThrough.uasset" 92
"../../../Engine/Content/EngineMaterials/Widget3DPassThrough_Masked.uasset" 93
"../../../Engine/Content/EngineMaterials/Widget3DPassThrough_Opaque.uasset" 94
"../../../Engine/Content/EngineMaterials/Widget3DPassThrough_Masked_OneSided.uasset" 95
"../../../Engine/Content/EngineMaterials/Widget3DPassThrough_Opaque_OneSided.uasset" 96
"../../../Engine/Content/EngineMaterials/Widget3DPassThrough_Translucent.uasset" 97
"../../../Engine/Content/EngineMaterials/Widget3DPassThrough_Translucent_OneSided.uasset" 98
"../../../Engine/Content/EngineMeshes/Cylinder.uasset" 99
"../../../Engine/Content/EngineMeshes/Sphere.uasset" 100
"../../../Engine/Content/EngineResources/Black.uasset" 101
"../../../Engine/Content/EngineResources/DefaultTextureCube.uasset" 102
"../../../Engine/Content/EngineResources/DefaultVolumeTexture2D.uasset" 103
"../../../Engine/Content/EngineResources/DefaultVolumeTexture.uasset" 104
"../../../Engine/Content/EngineResources/GradientTexture0.uasset" 105
"../../../Engine/Content/EngineSky/VolumetricClouds/T_NoiseShape64.uasset" 106
"../../../Engine/Content/EngineSky/VolumetricClouds/T_VolumeNoiseShape64.uasset" 107
"../../../Engine/Content/EngineSky/VolumetricClouds/T_NoiseErosion.uasset" 108
"../../../Engine/Content/EngineSky/VolumetricClouds/T_VolumeNoiseErosion32.uasset" 109
"../../../Engine/Content/Functions/Engine_MaterialFunctions02/Utility/MakeFloat2.uasset" 110
"../../../Engine/Content/EngineSky/VolumetricClouds/CloudWeatherTexture.uasset" 111
"../../../Engine/Content/EngineSky/VolumetricClouds/CloudGradientTexture.uasset" 112
"../../../Engine/Content/EngineSky/VolumetricClouds/m_SimpleVolumetricCloud.uasset" 113
"../../../Engine/Content/EngineSky/VolumetricClouds/m_SimpleVolumetricCloud_Inst.uasset" 114
"../../../Engine/Content/EngineSounds/Master.uasset" 115
"../../../Engine/Content/Functions/Engine_MaterialFunctions01/Shading/PowerToRoughness.uasset" 116
"../../../Engine/Content/Maps/Templates/Thumbnails/Default.uasset" 117
"../../../Engine/Content/Maps/Templates/Thumbnails/TimeOfDay.uasset" 118
"../../../Engine/Content/Maps/Templates/Thumbnails/VR-Basic.uasset" 119
"../../../Engine/Content/MobileResources/T_MobileControls_texture.uasset" 120
"../../../Engine/Content/MobileResources/T_MobileMenu2.uasset" 121
"../../../Engine/Content/MobileResources/HUD/AnalogHat.uasset" 122
"../../../Engine/Content/MobileResources/HUD/VirtualJoystick_Thumb.uasset" 123
"../../../Engine/Content/MobileResources/HUD/VirtualJoystick_Background.uasset" 124
"../../../Engine/Content/MobileResources/HUD/DefaultVirtualJoysticks.uasset" 125
"../../../Engine/Content/MobileResources/HUD/LeftVirtualJoystickOnly.uasset" 126
"../../../Engine/Content/MobileResources/HUD/MobileHUDButton1_off.uasset" 127
"../../../Engine/Content/MobileResources/HUD/MobileHUDButton1_on.uasset" 128
"../../../Engine/Content/MobileResources/HUD/MobileHUDButton2_off.uasset" 129
"../../../Engine/Content/MobileResources/HUD/MobileHUDButton2_on.uasset" 130
"../../../Engine/Content/MobileResources/HUD/MobileHUDButton3.uasset" 131
"../../../Engine/Content/MobileResources/HUD/MobileHUDButtonFire.uasset" 132
"../../../Engine/Content/MobileResources/HUD/MobileHUDDirectionPad.uasset" 133
"../../../Engine/Content/MobileResources/HUD/MobileHUDDirectionPad2.uasset" 134
"../../../Engine/Content/MobileResources/HUD/MobileHUDDirectionPad3.uasset" 135
"../../../Engine/Content/MobileResources/HUD/MobileHUDDirectionStick.uasset" 136
"../../../Engine/Content/MobileResources/HUD/T_Castle_ThumbstickInner.uasset" 137
"../../../Engine/Content/MobileResources/HUD/T_Castle_ThumbstickOutter.uasset" 138
"../../../Engine/Content/Tutorial/ContentIntroCurve.uasset" 139
"../../../Engine/Content/Tutorial/Basics/LevelEditorAttract.uasset" 140
"../../../Engine/Content/Tutorial/BlueprintTutorials/TutorialAssets/Blueprint_64x.uasset" 141
"../../../Engine/Content/Tutorial/BlueprintTutorials/BlueprintEditorTutorial.uasset" 142
"../../../Engine/Content/VREditor/TransformGizmo/TranslucentTransformGizmoMaterial.uasset" 143
"../../../Engine/Content/VREditor/LaserPointer/VR_LaserPower_01.uasset" 144
"../../../Engine/Content/VREditor/TransformGizmo/TransformGizmoMaterial.uasset" 145
"../../../Engine/Content/VREditor/TransformGizmo/BoundingBoxCorner.uasset" 146
"../../../Engine/Content/VREditor/TransformGizmo/BoundingBoxEdge.uasset" 147
"../../../Engine/Content/VREditor/TransformGizmo/PlaneTranslationHandle.uasset" 148
"../../../Engine/Content/VREditor/TransformGizmo/Xray.uasset" 149
"../../../Engine/Content/VREditor/TransformGizmo/Main.uasset" 150
"../../../Engine/Content/VREditor/TransformGizmo/SM_Sequencer_Key.uasset" 151
"../../../Engine/Content/VREditor/TransformGizmo/SM_Sequencer_Node.uasset" 152
"../../Plugins/2D/Paper2D/Content/PlaceholderTextures/DummySpriteTexture.uasset" 153
"../../Plugins/2D/Paper2D/Content/DummySprite.uasset" 154
"../../Plugins/2D/Paper2D/Content/DefaultPaperTerrainMaterial.uasset" 155
"../../Plugins/2D/Paper2D/Content/DefaultSpriteMaterial.uasset" 156
"../../Plugins/2D/Paper2D/Content/MaskedUnlitSpriteMaterial.uasset" 157
"../../Plugins/2D/Paper2D/Content/OpaqueUnlitSpriteMaterial.uasset" 158
"../../../Engine/Content/Functions/Engine_MaterialFunctions02/Utility/BreakOutFloat3Components.uasset" 159
"../../Plugins/Editor/SpeedTreeImporter/Content/SpeedTree9/UnpackInteger3.uasset" 160
"../../Plugins/Editor/SpeedTreeImporter/Content/SpeedTree9/UnpackDirection.uasset" 161
"../../Plugins/Editor/SpeedTreeImporter/Content/SpeedTree9/game_wind_noise.uasset" 162
"../../../Engine/Content/Functions/Engine_MaterialFunctions02/SafeNormalize.uasset" 163
"../../Plugins/Editor/SpeedTreeImporter/Content/SpeedTree9/SpeedTreeWindMotion.uasset" 164
"../../Plugins/Editor/SpeedTreeImporter/Content/SpeedTree9/SpeedTreeBranchMotion.uasset" 165
"../../../Engine/Content/Functions/Engine_MaterialFunctions02/ObjectLocalBounds.uasset" 166
"../../../Engine/Content/Functions/Engine_MaterialFunctions02/UVs/BoundingBoxBased_0-1_UVW.uasset" 167
"../../Plugins/Editor/SpeedTreeImporter/Content/SpeedTree9/SpeedTreeWind.uasset" 168
"../../Plugins/Editor/SpeedTreeImporter/Content/SpeedTree9/SpeedTreeBillboard.uasset" 169
"../../../Engine/Content/EngineResources/DefaultTexture.uasset" 170
"../../Plugins/Editor/SpeedTreeImporter/Content/SpeedTree9/SpeedTreeBillboardMaster.uasset" 171
"../../Plugins/Editor/SpeedTreeImporter/Content/SpeedTree9/SpeedTreeCameraFacing.uasset" 172
"../../Plugins/Editor/SpeedTreeImporter/Content/SpeedTree9/SpeedTreeMaster.uasset" 173
"../../../Engine/Content/BasicShapes/Cylinder.uasset" 174
"../../../Engine/Content/ArtTools/RenderToTexture/Materials/Debug/M_Emissive_Color.uasset" 175
"../../Plugins/Lumin/MagicLeapPassableWorld/Content/MagicLeapARPinInfoActor.uasset" 176
"../../../Engine/Content/Functions/Engine_MaterialFunctions02/Utility/MakeFloat3.uasset" 177
"../../../Engine/Content/Functions/Engine_MaterialFunctions02/Utility/BreakOutFloat4Components.uasset" 178
"../../Plugins/Runtime/Oculus/OculusVR/Content/Materials/OculusMR_ChromaKey.uasset" 179
"../../Plugins/Runtime/Oculus/OculusVR/Content/Materials/OculusMR_OpaqueColoredMaterial.uasset" 180
"../../Plugins/Runtime/Oculus/OculusVR/Content/Materials/PokeAHoleMaterial.uasset" 181
"D:/Design and Programming/Level 6- Year 3/SeniorCollab/SpikeyBall/BrawlOfBots/Content/Jamie/Interfaces/GameMode/BPI_MenuGameMode.uasset" 182
"D:/Design and Programming/Level 6- Year 3/SeniorCollab/SpikeyBall/BrawlOfBots/Content/Jamie/UI/UI_FadeUI.uasset" 183
"D:/Design and Programming/Level 6- Year 3/SeniorCollab/SpikeyBall/BrawlOfBots/Content/Jamie/Interfaces/GameMode/BPI_Initalize.uasset" 184
"D:/Design and Programming/Level 6- Year 3/SeniorCollab/SpikeyBall/BrawlOfBots/Content/Jamie/Blueprint/Managers/BaseManager/BP_Manager.uasset" 185
"../../../Engine/Content/EditorBlueprintResources/StandardMacros.uasset" 186
"D:/Design and Programming/Level 6- Year 3/SeniorCollab/SpikeyBall/BrawlOfBots/Content/Zhi/RiggedCharacter/Model_Rig_For_Anims_PhysicsAsset.uasset" 187
"D:/Design and Programming/Level 6- Year 3/SeniorCollab/SpikeyBall/BrawlOfBots/Content/Zhi/Animation/01_-_Default.uasset" 188
"D:/Design and Programming/Level 6- Year 3/SeniorCollab/SpikeyBall/BrawlOfBots/Content/Liam/Character/01_-_Default_ncl1_1.uasset" 189
"D:/Design and Programming/Level 6- Year 3/SeniorCollab/SpikeyBall/BrawlOfBots/Content/Zhi/RiggedCharacter/Model_Rig_For_Anims_Skeleton.uasset" 190
"D:/Design and Programming/Level 6- Year 3/SeniorCollab/SpikeyBall/BrawlOfBots/Content/Zhi/RiggedCharacter/Model_Rig_For_Anims.uasset" 191
"D:/Design and Programming/Level 6- Year 3/SeniorCollab/SpikeyBall/BrawlOfBots/Content/Assets/Confused_Logo.uasset" 192
"D:/Design and Programming/Level 6- Year 3/SeniorCollab/SpikeyBall/BrawlOfBots/Content/Jamie/UI/UI_MirrorConfused.uasset" 193
"D:/Design and Programming/Level 6- Year 3/SeniorCollab/SpikeyBall/BrawlOfBots/Content/Liam/Character/01_-_Default_ncl1_InvincibleMat.uasset" 194
"D:/Design and Programming/Level 6- Year 3/SeniorCollab/SpikeyBall/BrawlOfBots/Content/Jamie/Player_mats/NewMaterial_4.uasset" 195
"D:/Design and Programming/Level 6- Year 3/SeniorCollab/SpikeyBall/BrawlOfBots/Content/Jamie/Player_mats/NewMaterial_3.uasset" 196
"D:/Design and Programming/Level 6- Year 3/SeniorCollab/SpikeyBall/BrawlOfBots/Content/Jamie/Player_mats/NewMaterial_2.uasset" 197
"D:/Design and Programming/Level 6- Year 3/SeniorCollab/SpikeyBall/BrawlOfBots/Content/Jamie/Player_mats/NewMaterial.uasset" 198
"D:/Design and Programming/Level 6- Year 3/SeniorCollab/SpikeyBall/BrawlOfBots/Content/Jamie/Interfaces/Power-up/BPI_Powerup.uasset" 199
"D:/Design and Programming/Level 6- Year 3/SeniorCollab/SpikeyBall/BrawlOfBots/Content/Jamie/Structs/StructsForDataTables/Struct_StartingPowerupSpawning.uasset" 200
"D:/Design and Programming/Level 6- Year 3/SeniorCollab/SpikeyBall/BrawlOfBots/Content/Jamie/Structs/Struct_PowerUpArrayTypes.uasset" 201
"D:/Design and Programming/Level 6- Year 3/SeniorCollab/SpikeyBall/BrawlOfBots/Content/Jamie/Blueprint/Power-ups/BaseClasses/BP_TargetingPowerUp.uasset" 202
"D:/Design and Programming/Level 6- Year 3/SeniorCollab/SpikeyBall/BrawlOfBots/Content/Jamie/Blueprint/Characters/Enum_CharacterStates.uasset" 203
"D:/Design and Programming/Level 6- Year 3/SeniorCollab/SpikeyBall/BrawlOfBots/Content/Jamie/Interfaces/Character/BPI_Character.uasset" 204
"D:/Design and Programming/Level 6- Year 3/SeniorCollab/SpikeyBall/BrawlOfBots/Content/Jamie/Blueprint/Power-ups/BaseClasses/BP_Weapon.uasset" 205
"D:/Design and Programming/Level 6- Year 3/SeniorCollab/SpikeyBall/BrawlOfBots/Content/Callum/BPI/BPI_Ragdoll.uasset" 206
"D:/Design and Programming/Level 6- Year 3/SeniorCollab/SpikeyBall/BrawlOfBots/Content/Jamie/SFX/SoundClasses/Music.uasset" 207
"D:/Design and Programming/Level 6- Year 3/SeniorCollab/SpikeyBall/BrawlOfBots/Content/Jamie/SFX/SoundClasses/Master.uasset" 208
"D:/Design and Programming/Level 6- Year 3/SeniorCollab/SpikeyBall/BrawlOfBots/Content/Jamie/SFX/SoundClasses/SFX.uasset" 209
"D:/Design and Programming/Level 6- Year 3/SeniorCollab/SpikeyBall/BrawlOfBots/Content/Callum/Music/Sounds/Water_Gun_Shot.uasset" 210
"D:/Design and Programming/Level 6- Year 3/SeniorCollab/SpikeyBall/BrawlOfBots/Content/Jamie/Blueprint/Power-ups/Powerups/BP_Sniper.uasset" 211
"D:/Design and Programming/Level 6- Year 3/SeniorCollab/SpikeyBall/BrawlOfBots/Content/Jamie/Blueprint/Power-ups/Powerups/BP_Shotgun.uasset" 212
"D:/Design and Programming/Level 6- Year 3/SeniorCollab/SpikeyBall/BrawlOfBots/Content/Callum/Music/Sounds/Gun_Shot.uasset" 213
"D:/Design and Programming/Level 6- Year 3/SeniorCollab/SpikeyBall/BrawlOfBots/Content/Jamie/Blueprint/Power-ups/Powerups/BP_PunchLine.uasset" 214
"D:/Design and Programming/Level 6- Year 3/SeniorCollab/SpikeyBall/BrawlOfBots/Content/Jamie/Blueprint/Power-ups/Powerups/BP_PartyTime.uasset" 215
"D:/Design and Programming/Level 6- Year 3/SeniorCollab/SpikeyBall/BrawlOfBots/Content/Jamie/Blueprint/Power-ups/Powerups/BP_MirrorTime.uasset" 216
"D:/Design and Programming/Level 6- Year 3/SeniorCollab/SpikeyBall/BrawlOfBots/Content/Zack/GetInkedSplat.uasset" 217
"D:/Design and Programming/Level 6- Year 3/SeniorCollab/SpikeyBall/BrawlOfBots/Content/Callum/Widgets/UI_Splat_Widget.uasset" 218
"D:/Design and Programming/Level 6- Year 3/SeniorCollab/SpikeyBall/BrawlOfBots/Content/Callum/Music/Sounds/Splat.uasset" 219
"D:/Design and Programming/Level 6- Year 3/SeniorCollab/SpikeyBall/BrawlOfBots/Content/Jamie/Blueprint/Power-ups/Powerups/BP_Inked.uasset" 220
"D:/Design and Programming/Level 6- Year 3/SeniorCollab/SpikeyBall/BrawlOfBots/Content/Callum/Music/Sounds/Freeze.uasset" 221
"D:/Design and Programming/Level 6- Year 3/SeniorCollab/SpikeyBall/BrawlOfBots/Content/Jamie/Blueprint/Power-ups/Powerups/BP_Freeze.uasset" 222
"D:/Design and Programming/Level 6- Year 3/SeniorCollab/SpikeyBall/BrawlOfBots/Content/Callum/Music/Sounds/Woah.uasset" 223
"D:/Design and Programming/Level 6- Year 3/SeniorCollab/SpikeyBall/BrawlOfBots/Content/Jamie/Blueprint/Power-ups/Powerups/BP_FakeOut.uasset" 224
"D:/Design and Programming/Level 6- Year 3/SeniorCollab/SpikeyBall/BrawlOfBots/Content/Callum/Music/Sounds/Soda_Power_up.uasset" 225
"D:/Design and Programming/Level 6- Year 3/SeniorCollab/SpikeyBall/BrawlOfBots/Content/Jamie/Blueprint/Power-ups/Powerups/BP_EnergyDrink.uasset" 226
"../../Plugins/FX/Niagara/Content/Enums/ENiagaraScaleColorMode.uasset" 227
"../../Plugins/FX/Niagara/Content/Modules/Update/Color/ScaleColor.uasset" 228
"../../Plugins/FX/Niagara/Content/Enums/ENiagaraRandomnessEvaluation.uasset" 229
"../../Plugins/FX/Niagara/Content/Functions/Math/RemapValueRange.uasset" 230
"../../Plugins/FX/Niagara/Content/Functions/PolarToCartesianCoordinates.uasset" 231
"../../Plugins/FX/Niagara/Content/Enums/ENiagaraRandomnessMode.uasset" 232
"../../Plugins/FX/Niagara/Content/Functions/GetRandomInfo.uasset" 233
"../../Plugins/FX/Niagara/Content/Functions/RandomRangeFloat.uasset" 234
"../../Plugins/FX/Niagara/Content/Functions/DirectionAndLengthSafe.uasset" 235
"../../Plugins/FX/Niagara/Content/Functions/RandomVectorInCone.uasset" 236
"../../Plugins/FX/Niagara/Content/Functions/Rotation/MultiplyVectorWithQuaternion.uasset" 237
"../../Plugins/FX/Niagara/Content/Functions/Rotation/FindQuatBetween.uasset" 238
"../../Plugins/FX/Niagara/Content/Enums/ENiagaraCoordinateSpace.uasset" 239
"../../Plugins/FX/Niagara/Content/Functions/Localspace/TransformBase.uasset" 240
"../../Plugins/FX/Niagara/Content/Functions/Localspace/TransformVector.uasset" 241
"../../Plugins/FX/Niagara/Content/Modules/Spawn/Velocity/AddVelocityInCone.uasset" 242
"../../Plugins/FX/Niagara/Content/Functions/V2/CalculateRandomRangeFloat.uasset" 243
"../../Plugins/FX/Niagara/Content/DynamicInputs/UniformRange/V2/RandomRangeFloat.uasset" 244
"../../Plugins/FX/Niagara/Content/DynamicInputs/TypeConversions/VectorFromFloat.uasset" 245
"D:/Design and Programming/Level 6- Year 3/SeniorCollab/SpikeyBall/BrawlOfBots/Content/Geometry/Meshes/CubeMaterial.uasset" 246
"D:/Design and Programming/Level 6- Year 3/SeniorCollab/SpikeyBall/BrawlOfBots/Content/Geometry/Meshes/1M_Cube.uasset" 247
"../../Plugins/FX/Niagara/Content/Enums/ENiagaraInactiveMode.uasset" 248
"../../Plugins/FX/Niagara/Content/Enums/ENiagaraEmitterScalabilityMode_Limited.uasset" 249
"../../Plugins/FX/Niagara/Content/Enums/ENiagaraEmitterLifeCycleMode.uasset" 250
"../../Plugins/FX/Niagara/Content/Enums/ENiagaraChannelCorrelation.uasset" 251
"../../Plugins/FX/Niagara/Content/Enums/ENiagara_UVFlippingMode.uasset" 252
"../../Plugins/FX/Niagara/Content/Enums/ENiagara_SpriteRotationMode.uasset" 253
"../../Plugins/FX/Niagara/Content/Enums/ENiagara_SizeScaleMode.uasset" 254
"../../Plugins/FX/Niagara/Content/Enums/ENiagara_PositionInitializationMode.uasset" 255
"../../Plugins/FX/Niagara/Content/Enums/ENiagara_MassInitializationMode.uasset" 256
"../../Plugins/FX/Niagara/Content/Enums/ENiagara_InfiniteLoopDuration.uasset" 257
"../../Plugins/FX/Niagara/Content/Enums/ENiagara_EmitterStateOptions.uasset" 258
"../../Plugins/FX/Niagara/Content/Enums/ENiagara_ColorInitializationMode.uasset" 259
"../../Plugins/FX/Niagara/Content/Modules/Update/Size/ScaleMeshSize.uasset" 260
"../../Plugins/FX/Niagara/Content/Modules/Update/Lifetime/ParticleState.uasset" 261
"../../Plugins/FX/Niagara/Content/Functions/V2/CalculateRandomRange.uasset" 262
"../../Plugins/FX/Niagara/Content/Functions/LinearColor/HueShiftLinearColor.uasset" 263
"../../Plugins/FX/Niagara/Content/Functions/V2/CalculateRandomRangeInteger.uasset" 264
"../../Plugins/FX/Niagara/Content/Functions/V2/CalculateRandomBool.uasset" 265
"../../Plugins/FX/Niagara/Content/Functions/Localspace/SimulationPosition.uasset" 266
"../../Plugins/FX/Niagara/Content/Enums/ENiagara_LifetimeMode.uasset" 267
"../../Plugins/FX/Niagara/Content/Modules/Spawn/Initialization/V2/InitializeParticle.uasset" 268
"../../Plugins/FX/Niagara/Content/Modules/Solvers/SolveForcesAndVelocity.uasset" 269
"../../Plugins/FX/Niagara/Content/Modules/Emitter/SpawnBurst_Instantaneous.uasset" 270
"../../Plugins/FX/Niagara/Content/Functions/Emitter/EmitterChangeState.uasset" 271
"../../Plugins/FX/Niagara/Content/Enums/ENiagaraExecutionStateManagement.uasset" 272
"../../Plugins/FX/Niagara/Content/Modules/Emitter/EmitterState.uasset" 273
"../../Plugins/FX/Niagara/Content/DynamicInputs/ValueFromCurve/FloatFromCurve.uasset" 274
"../../../Engine/Content/Functions/Engine_MaterialFunctions02/HueShift.uasset" 275
"../../../Engine/Content/Functions/Engine_MaterialFunctions01/Gradient/LinearGradient.uasset" 276
"D:/Design and Programming/Level 6- Year 3/SeniorCollab/SpikeyBall/BrawlOfBots/Content/James_Lovell/VFX/lasecannon/NewMaterial.uasset" 277
"D:/Design and Programming/Level 6- Year 3/SeniorCollab/SpikeyBall/BrawlOfBots/Content/Jamie/VFX/Emit_Explosion.uasset" 278
"../../Plugins/FX/Niagara/Content/Enums/ENiagaraSystemInactiveMode.uasset" 279
"../../Plugins/FX/Niagara/Content/Functions/System/SystemChangeState.uasset" 280
"../../Plugins/FX/Niagara/Content/Modules/System/SystemState.uasset" 281
"D:/Design and Programming/Level 6- Year 3/SeniorCollab/SpikeyBall/BrawlOfBots/Content/Jamie/VFX/Sys_Explosion.uasset" 282
"D:/Design and Programming/Level 6- Year 3/SeniorCollab/SpikeyBall/BrawlOfBots/Content/Jamie/Blueprint/Components/Struct_PoolObject.uasset" 283
"D:/Design and Programming/Level 6- Year 3/SeniorCollab/SpikeyBall/BrawlOfBots/Content/Jamie/Blueprint/Components/Struct_ObjectPool.uasset" 284
"D:/Design and Programming/Level 6- Year 3/SeniorCollab/SpikeyBall/BrawlOfBots/Content/Jamie/Interfaces/ObjectPool/BPI_PoolObject.uasset" 285
"D:/Design and Programming/Level 6- Year 3/SeniorCollab/SpikeyBall/BrawlOfBots/Content/Jamie/Blueprint/Components/Com_ObjectPool.uasset" 286
"D:/Design and Programming/Level 6- Year 3/SeniorCollab/SpikeyBall/BrawlOfBots/Content/Connor/UI/Materials/Blank.uasset" 287
"D:/Design and Programming/Level 6- Year 3/SeniorCollab/SpikeyBall/BrawlOfBots/Content/Liam/SM_pathsphere.uasset" 288
"D:/Design and Programming/Level 6- Year 3/SeniorCollab/SpikeyBall/BrawlOfBots/Content/Jamie/Blueprint/BP_PathProdict.uasset" 289
"D:/Design and Programming/Level 6- Year 3/SeniorCollab/SpikeyBall/BrawlOfBots/Content/Callum/Music/Sounds/Explosion.uasset" 290
"D:/Design and Programming/Level 6- Year 3/SeniorCollab/SpikeyBall/BrawlOfBots/Content/Callum/Music/Sounds/Chicken.uasset" 291
"D:/Design and Programming/Level 6- Year 3/SeniorCollab/SpikeyBall/BrawlOfBots/Content/Jamie/Blueprint/Power-ups/Powerups/BP_CluckInHell.uasset" 292
"D:/Design and Programming/Level 6- Year 3/SeniorCollab/SpikeyBall/BrawlOfBots/Content/Callum/Music/Sounds/Buttered_Up.uasset" 293
"D:/Design and Programming/Level 6- Year 3/SeniorCollab/SpikeyBall/BrawlOfBots/Content/Jamie/Blueprint/Power-ups/Powerups/BP_ButteredUp.uasset" 294
"D:/Design and Programming/Level 6- Year 3/SeniorCollab/SpikeyBall/BrawlOfBots/Content/Callum/Music/Sounds/Inflate_Gum.uasset" 295
"D:/Design and Programming/Level 6- Year 3/SeniorCollab/SpikeyBall/BrawlOfBots/Content/Jamie/Blueprint/Power-ups/Powerups/BP_BubbleGumBarrier.uasset" 296
"D:/Design and Programming/Level 6- Year 3/SeniorCollab/SpikeyBall/BrawlOfBots/Content/Jamie/DataTables/D_PowerupInitSpawn.uasset" 297
"D:/Design and Programming/Level 6- Year 3/SeniorCollab/SpikeyBall/BrawlOfBots/Content/Jamie/Interfaces/Power-up/BPI_PowerupSpawner.uasset" 298
"D:/Design and Programming/Level 6- Year 3/SeniorCollab/SpikeyBall/BrawlOfBots/Content/Jamie/Interfaces/Power-up/BPI_Pickup.uasset" 299
"D:/Design and Programming/Level 6- Year 3/SeniorCollab/SpikeyBall/BrawlOfBots/Content/Jamie/Structs/StructsForDataTables/Struct_PickUpData.uasset" 300
"D:/Design and Programming/Level 6- Year 3/SeniorCollab/SpikeyBall/BrawlOfBots/Content/Liam/Power-upIcons/01_-_Default.uasset" 301
"D:/Design and Programming/Level 6- Year 3/SeniorCollab/SpikeyBall/BrawlOfBots/Content/Callum/Materials/Mat_Blue.uasset" 302
"D:/Design and Programming/Level 6- Year 3/SeniorCollab/SpikeyBall/BrawlOfBots/Content/Zack/Meshes/MirrorTime/SM_MirrorTime.uasset" 303
"D:/Design and Programming/Level 6- Year 3/SeniorCollab/SpikeyBall/BrawlOfBots/Content/Zack/DiscoBall/14_-_Default.uasset" 304
"D:/Design and Programming/Level 6- Year 3/SeniorCollab/SpikeyBall/BrawlOfBots/Content/Zack/DiscoBall/SM_DiscoBall.uasset" 305
"D:/Design and Programming/Level 6- Year 3/SeniorCollab/SpikeyBall/BrawlOfBots/Content/Liam/Power-upIcons/OptamisedIcons/8_2.uasset" 306
"D:/Design and Programming/Level 6- Year 3/SeniorCollab/SpikeyBall/BrawlOfBots/Content/Liam/Power-upIcons/OptamisedIcons/SM_Snowflake_icon.uasset" 307
"D:/Design and Programming/Level 6- Year 3/SeniorCollab/SpikeyBall/BrawlOfBots/Content/Liam/Power-upIcons/OptamisedIcons/SM_Sniper_icon.uasset" 308
"D:/Design and Programming/Level 6- Year 3/SeniorCollab/SpikeyBall/BrawlOfBots/Content/Liam/Power-upIcons/OptamisedIcons/SM_Shotgun_icon.uasset" 309
"D:/Design and Programming/Level 6- Year 3/SeniorCollab/SpikeyBall/BrawlOfBots/Content/Liam/Power-upIcons/OptamisedIcons/SM_Inked_icon.uasset" 310
"D:/Design and Programming/Level 6- Year 3/SeniorCollab/SpikeyBall/BrawlOfBots/Content/Liam/Power-upIcons/OptamisedIcons/01_-_Default_ncl1_5.uasset" 311
"D:/Design and Programming/Level 6- Year 3/SeniorCollab/SpikeyBall/BrawlOfBots/Content/Liam/Power-upIcons/OptamisedIcons/01_-_Default_ncl1_4.uasset" 312
"D:/Design and Programming/Level 6- Year 3/SeniorCollab/SpikeyBall/BrawlOfBots/Content/Liam/Power-upIcons/OptamisedIcons/01_-_Default_ncl1_3.uasset" 313
"D:/Design and Programming/Level 6- Year 3/SeniorCollab/SpikeyBall/BrawlOfBots/Content/Liam/Power-upIcons/OptamisedIcons/01_-_Default.uasset" 314
"D:/Design and Programming/Level 6- Year 3/SeniorCollab/SpikeyBall/BrawlOfBots/Content/Liam/Power-upIcons/OptamisedIcons/SM_EnergyDrink_icon.uasset" 315
"D:/Design and Programming/Level 6- Year 3/SeniorCollab/SpikeyBall/BrawlOfBots/Content/Liam/Power-upIcons/OptamisedIcons/Material__1432.uasset" 316
"D:/Design and Programming/Level 6- Year 3/SeniorCollab/SpikeyBall/BrawlOfBots/Content/Liam/Power-upIcons/OptamisedIcons/8_3.uasset" 317
"D:/Design and Programming/Level 6- Year 3/SeniorCollab/SpikeyBall/BrawlOfBots/Content/Liam/Power-upIcons/OptamisedIcons/7_2.uasset" 318
"D:/Design and Programming/Level 6- Year 3/SeniorCollab/SpikeyBall/BrawlOfBots/Content/Liam/Power-upIcons/OptamisedIcons/6_2.uasset" 319
"D:/Design and Programming/Level 6- Year 3/SeniorCollab/SpikeyBall/BrawlOfBots/Content/Liam/Power-upIcons/OptamisedIcons/SM_CluckinHell_icon.uasset" 320
"D:/Design and Programming/Level 6- Year 3/SeniorCollab/SpikeyBall/BrawlOfBots/Content/Zhi/01_-_Default.uasset" 321
"D:/Design and Programming/Level 6- Year 3/SeniorCollab/SpikeyBall/BrawlOfBots/Content/Liam/Power-upIcons/OptamisedIcons/SM_Butteredup_icon.uasset" 322
"D:/Design and Programming/Level 6- Year 3/SeniorCollab/SpikeyBall/BrawlOfBots/Content/Liam/Power-upIcons/OptamisedIcons/01_-_Default_ncl1_8.uasset" 323
"D:/Design and Programming/Level 6- Year 3/SeniorCollab/SpikeyBall/BrawlOfBots/Content/Liam/Power-upIcons/OptamisedIcons/01_-_Default_ncl1_2.uasset" 324
"D:/Design and Programming/Level 6- Year 3/SeniorCollab/SpikeyBall/BrawlOfBots/Content/Liam/Power-upIcons/OptamisedIcons/SM_BubbleGumBarrier_icon.uasset" 325
"D:/Design and Programming/Level 6- Year 3/SeniorCollab/SpikeyBall/BrawlOfBots/Content/Liam/Power-upIcons/OptamisedIcons/3_2.uasset" 326
"D:/Design and Programming/Level 6- Year 3/SeniorCollab/SpikeyBall/BrawlOfBots/Content/Liam/Power-upIcons/OptamisedIcons/SM_BoxingGlove_icon.uasset" 327
"D:/Design and Programming/Level 6- Year 3/SeniorCollab/SpikeyBall/BrawlOfBots/Content/Jamie/DataTables/D_PickUpsData.uasset" 328
"D:/Design and Programming/Level 6- Year 3/SeniorCollab/SpikeyBall/BrawlOfBots/Content/Connor/UI/Typography/bangers_regular.uasset" 329
"D:/Design and Programming/Level 6- Year 3/SeniorCollab/SpikeyBall/BrawlOfBots/Content/Connor/UI/Typography/bangers_regular_Font.uasset" 330
"D:/Design and Programming/Level 6- Year 3/SeniorCollab/SpikeyBall/BrawlOfBots/Content/Connor/UI/Images/Buttons/LargeButtonTest.uasset" 331
"D:/Design and Programming/Level 6- Year 3/SeniorCollab/SpikeyBall/BrawlOfBots/Content/Connor/UI/Sounds/Button_Hover.uasset" 332
"D:/Design and Programming/Level 6- Year 3/SeniorCollab/SpikeyBall/BrawlOfBots/Content/Connor/UI/Sounds/Button_Click.uasset" 333
"D:/Design and Programming/Level 6- Year 3/SeniorCollab/SpikeyBall/BrawlOfBots/Content/Connor/ReusableBP/Wbp_512Button.uasset" 334
"D:/Design and Programming/Level 6- Year 3/SeniorCollab/SpikeyBall/BrawlOfBots/Content/Connor/UI/Images/Iconography/TickIcon.uasset" 335
"D:/Design and Programming/Level 6- Year 3/SeniorCollab/SpikeyBall/BrawlOfBots/Content/Connor/UI/Images/Iconography/CrossIcon.uasset" 336
"D:/Design and Programming/Level 6- Year 3/SeniorCollab/SpikeyBall/BrawlOfBots/Content/Connor/UI/Images/Backgrounds/ConfirmBG.uasset" 337
"D:/Design and Programming/Level 6- Year 3/SeniorCollab/SpikeyBall/BrawlOfBots/Content/Connor/UI/Images/Buttons/SmallButton.uasset" 338
"D:/Design and Programming/Level 6- Year 3/SeniorCollab/SpikeyBall/BrawlOfBots/Content/Connor/ReusableBP/Wbp_128Button.uasset" 339
"D:/Design and Programming/Level 6- Year 3/SeniorCollab/SpikeyBall/BrawlOfBots/Content/Connor/ReusableBP/Wbp_ConfirmScreen.uasset" 340
"D:/Design and Programming/Level 6- Year 3/SeniorCollab/SpikeyBall/BrawlOfBots/Content/Jamie/UI/MainMenu/UI_PauseMenu.uasset" 341
"D:/Design and Programming/Level 6- Year 3/SeniorCollab/SpikeyBall/BrawlOfBots/Content/Jamie/Structs/Struct_GameTime.uasset" 342
"D:/Design and Programming/Level 6- Year 3/SeniorCollab/SpikeyBall/BrawlOfBots/Content/Jamie/Enum/GameMode/Enum_GameStates.uasset" 343
"D:/Design and Programming/Level 6- Year 3/SeniorCollab/SpikeyBall/BrawlOfBots/Content/Jamie/Blueprint/Managers/GameInstance/BP_BrawlOfBots_Instance.uasset" 344
"D:/Design and Programming/Level 6- Year 3/SeniorCollab/SpikeyBall/BrawlOfBots/Content/Jamie/Interfaces/GameInstance/BPI_GameInstance.uasset" 345
"D:/Design and Programming/Level 6- Year 3/SeniorCollab/SpikeyBall/BrawlOfBots/Content/Jamie/Structs/StructsForDataTables/Struct_CustomHats.uasset" 346
"D:/Design and Programming/Level 6- Year 3/SeniorCollab/SpikeyBall/BrawlOfBots/Content/James_Lovell/Materials/Material__78.uasset" 347
"D:/Design and Programming/Level 6- Year 3/SeniorCollab/SpikeyBall/BrawlOfBots/Content/James_Lovell/Hats/SM_unicornhat_low.uasset" 348
"D:/Design and Programming/Level 6- Year 3/SeniorCollab/SpikeyBall/BrawlOfBots/Content/James_Lovell/Materials/Material__57.uasset" 349
"D:/Design and Programming/Level 6- Year 3/SeniorCollab/SpikeyBall/BrawlOfBots/Content/James_Lovell/Hats/SM_Spikhat_low.uasset" 350
"D:/Design and Programming/Level 6- Year 3/SeniorCollab/SpikeyBall/BrawlOfBots/Content/James_Lovell/Materials/mat_DeathFloor1.uasset" 351
"D:/Design and Programming/Level 6- Year 3/SeniorCollab/SpikeyBall/BrawlOfBots/Content/James_Lovell/Materials/mat_DeathFloor.uasset" 352
"D:/Design and Programming/Level 6- Year 3/SeniorCollab/SpikeyBall/BrawlOfBots/Content/James_Lovell/Hats/Material__56.uasset" 353
"D:/Design and Programming/Level 6- Year 3/SeniorCollab/SpikeyBall/BrawlOfBots/Content/James_Lovell/Hats/SM_jesterhat_low.uasset" 354
"D:/Design and Programming/Level 6- Year 3/SeniorCollab/SpikeyBall/BrawlOfBots/Content/James_Lovell/Hats/Material__55.uasset" 355
"D:/Design and Programming/Level 6- Year 3/SeniorCollab/SpikeyBall/BrawlOfBots/Content/James_Lovell/Hats/SM_indianahat_low.uasset" 356
"D:/Design and Programming/Level 6- Year 3/SeniorCollab/SpikeyBall/BrawlOfBots/Content/James_Lovell/Hats/Material__57.uasset" 357
"D:/Design and Programming/Level 6- Year 3/SeniorCollab/SpikeyBall/BrawlOfBots/Content/James_Lovell/Hats/SM_icecreamhat_low.uasset" 358
"D:/Design and Programming/Level 6- Year 3/SeniorCollab/SpikeyBall/BrawlOfBots/Content/James_Lovell/Hats/Material__76_Slot__7.uasset" 359
"D:/Design and Programming/Level 6- Year 3/SeniorCollab/SpikeyBall/BrawlOfBots/Content/James_Lovell/Hats/SM_fezhat_low.uasset" 360
"D:/Design and Programming/Level 6- Year 3/SeniorCollab/SpikeyBall/BrawlOfBots/Content/James_Lovell/Hats/SM_bobhat_low.uasset" 361
"D:/Design and Programming/Level 6- Year 3/SeniorCollab/SpikeyBall/BrawlOfBots/Content/Jamie/DataTables/D_Cosmetics.uasset" 362
"D:/Design and Programming/Level 6- Year 3/SeniorCollab/SpikeyBall/BrawlOfBots/Content/Jamie/Blueprint/Characters/BP_Cosmetic.uasset" 363
"D:/Design and Programming/Level 6- Year 3/SeniorCollab/SpikeyBall/BrawlOfBots/Content/Jamie/Blueprint/Components/Com_HatCosmetic.uasset" 364
"D:/Design and Programming/Level 6- Year 3/SeniorCollab/SpikeyBall/BrawlOfBots/Content/Assets/Icons/LivesManagerIcon.uasset" 365
"D:/Design and Programming/Level 6- Year 3/SeniorCollab/SpikeyBall/BrawlOfBots/Content/Callum/Music/Sounds/Falling_Death.uasset" 366
"D:/Design and Programming/Level 6- Year 3/SeniorCollab/SpikeyBall/BrawlOfBots/Content/Jamie/Interfaces/Map/BPI_MapFall.uasset" 367
"D:/Design and Programming/Level 6- Year 3/SeniorCollab/SpikeyBall/BrawlOfBots/Content/Jamie/Enum/Enum_CameraStates.uasset" 368
"../../../Engine/Content/BasicShapes/BasicShapeMaterial.uasset" 369
"D:/Design and Programming/Level 6- Year 3/SeniorCollab/SpikeyBall/BrawlOfBots/Content/Callum/BP/Camera/CameraShakes/CameraShake_Mid.uasset" 370
"D:/Design and Programming/Level 6- Year 3/SeniorCollab/SpikeyBall/BrawlOfBots/Content/Callum/BP/Camera/CameraShakes/CameraShake_Long.uasset" 371
"D:/Design and Programming/Level 6- Year 3/SeniorCollab/SpikeyBall/BrawlOfBots/Content/Callum/BP/Camera/CameraShakes/CameraShake_Quick.uasset" 372
"../../../Engine/Content/BasicShapes/Sphere.uasset" 373
"D:/Design and Programming/Level 6- Year 3/SeniorCollab/SpikeyBall/BrawlOfBots/Content/Jamie/Blueprint/Camera/BP_PlayerViewportCamera.uasset" 374
"D:/Design and Programming/Level 6- Year 3/SeniorCollab/SpikeyBall/BrawlOfBots/Content/Callum/BPI/Invisibility_BPI.uasset" 375
"D:/Design and Programming/Level 6- Year 3/SeniorCollab/SpikeyBall/BrawlOfBots/Content/Callum/BP/Managers/BP_deathtrigger.uasset" 376
"D:/Design and Programming/Level 6- Year 3/SeniorCollab/SpikeyBall/BrawlOfBots/Content/Jamie/Blueprint/Managers/BP_LivesManager.uasset" 377
"D:/Design and Programming/Level 6- Year 3/SeniorCollab/SpikeyBall/BrawlOfBots/Content/Jamie/Enum/DataTypes/Enum_MapHazards.uasset" 378
"D:/Design and Programming/Level 6- Year 3/SeniorCollab/SpikeyBall/BrawlOfBots/Content/Jamie/Structs/StructsForDataTables/Struct_EventTimerSettings.uasset" 379
"D:/Design and Programming/Level 6- Year 3/SeniorCollab/SpikeyBall/BrawlOfBots/Content/Jamie/DataTables/D_EventTimeIntervals.uasset" 380
"D:/Design and Programming/Level 6- Year 3/SeniorCollab/SpikeyBall/BrawlOfBots/Content/Xan/Enum/Enum_RollTypes.uasset" 381
"D:/Design and Programming/Level 6- Year 3/SeniorCollab/SpikeyBall/BrawlOfBots/Content/James_Lovell/PowerUpMeshes/SM_SpickyBall_low.uasset" 382
"D:/Design and Programming/Level 6- Year 3/SeniorCollab/SpikeyBall/BrawlOfBots/Content/Jamie/Interfaces/Map/BPI_MapHazards.uasset" 383
"D:/Design and Programming/Level 6- Year 3/SeniorCollab/SpikeyBall/BrawlOfBots/Content/Jamie/Blueprint/MapHazards/BP_MapHazard.uasset" 384
"D:/Design and Programming/Level 6- Year 3/SeniorCollab/SpikeyBall/BrawlOfBots/Content/Jamie/Blueprint/MapHazards/SpikeyBall/BP_SpikeyBall.uasset" 385
"D:/Design and Programming/Level 6- Year 3/SeniorCollab/SpikeyBall/BrawlOfBots/Content/James_Lovell/Materials/Material__121.uasset" 386
"D:/Design and Programming/Level 6- Year 3/SeniorCollab/SpikeyBall/BrawlOfBots/Content/James_Lovell/Models/BM_spectategateB_low_Object320.uasset" 387
"D:/Design and Programming/Level 6- Year 3/SeniorCollab/SpikeyBall/BrawlOfBots/Content/James_Lovell/Models/BM_spectategateA_low_Object321.uasset" 388
"D:/Design and Programming/Level 6- Year 3/SeniorCollab/SpikeyBall/BrawlOfBots/Content/Callum/BP/BallRush/BP_LargeDoor.uasset" 389
"../../../Engine/Content/VREditor/BasicMeshes/T_CleanFloorGrunge_01_D.uasset" 390
"../../../Engine/Content/VREditor/BasicMeshes/M_Floor_01.uasset" 391
"../../../Engine/Content/VREditor/BasicMeshes/MI_Ball_01.uasset" 392
"D:/Design and Programming/Level 6- Year 3/SeniorCollab/SpikeyBall/BrawlOfBots/Content/Callum/BP/BallRush/BP_Balls.uasset" 393
"D:/Design and Programming/Level 6- Year 3/SeniorCollab/SpikeyBall/BrawlOfBots/Content/Jamie/Blueprint/MapHazards/BallRush/BP_BallRush.uasset" 394
"D:/Design and Programming/Level 6- Year 3/SeniorCollab/SpikeyBall/BrawlOfBots/Content/Callum/Music/Sounds/Sweeper.uasset" 395
"D:/Design and Programming/Level 6- Year 3/SeniorCollab/SpikeyBall/BrawlOfBots/Content/Callum/BP/Sweeper/Sweeper_Updated.uasset" 396
"D:/Design and Programming/Level 6- Year 3/SeniorCollab/SpikeyBall/BrawlOfBots/Content/Callum/BP/Sweeper/Sweeper_Mat1.uasset" 397
"D:/Design and Programming/Level 6- Year 3/SeniorCollab/SpikeyBall/BrawlOfBots/Content/Callum/BP/Sweeper/Sweeper_Mat.uasset" 398
"D:/Design and Programming/Level 6- Year 3/SeniorCollab/SpikeyBall/BrawlOfBots/Content/Callum/BP/Sweeper/Sweeper_BP.uasset" 399
"D:/Design and Programming/Level 6- Year 3/SeniorCollab/SpikeyBall/BrawlOfBots/Content/Callum/BPI/RaisingPlatform_BPI.uasset" 400
"D:/Design and Programming/Level 6- Year 3/SeniorCollab/SpikeyBall/BrawlOfBots/Content/Callum/Music/Sounds/Ball_Rush.uasset" 401
"D:/Design and Programming/Level 6- Year 3/SeniorCollab/SpikeyBall/BrawlOfBots/Content/Callum/Music/Jeremy_Blake_-_Powerup_.uasset" 402
"D:/Design and Programming/Level 6- Year 3/SeniorCollab/SpikeyBall/BrawlOfBots/Content/Assets/Icons/EventManger.uasset" 403
"D:/Design and Programming/Level 6- Year 3/SeniorCollab/SpikeyBall/BrawlOfBots/Content/Jamie/Blueprint/Managers/BP_EventsManager.uasset" 404
"D:/Design and Programming/Level 6- Year 3/SeniorCollab/SpikeyBall/BrawlOfBots/Content/Connor/UI/Images/Iconography/HeartEmpty.uasset" 405
"D:/Design and Programming/Level 6- Year 3/SeniorCollab/SpikeyBall/BrawlOfBots/Content/Connor/UI/Images/Backgrounds/IngamePowerupBG.uasset" 406
"D:/Design and Programming/Level 6- Year 3/SeniorCollab/SpikeyBall/BrawlOfBots/Content/Connor/UI/Images/Iconography/HeartFull.uasset" 407
"D:/Design and Programming/Level 6- Year 3/SeniorCollab/SpikeyBall/BrawlOfBots/Content/Connor/ReusableBP/Wbp_PlayerLife.uasset" 408
"D:/Design and Programming/Level 6- Year 3/SeniorCollab/SpikeyBall/BrawlOfBots/Content/Connor/ReusableBP/Wbp_PlayerUILeft.uasset" 409
"D:/Design and Programming/Level 6- Year 3/SeniorCollab/SpikeyBall/BrawlOfBots/Content/Connor/UI/Images/Backgrounds/TimerBG.uasset" 410
"D:/Design and Programming/Level 6- Year 3/SeniorCollab/SpikeyBall/BrawlOfBots/Content/Connor/ReusableBP/Wbp_PlayerUIRight.uasset" 411
"D:/Design and Programming/Level 6- Year 3/SeniorCollab/SpikeyBall/BrawlOfBots/Content/Jamie/UI/MainMenu/UI_InGame.uasset" 412
"D:/Design and Programming/Level 6- Year 3/SeniorCollab/SpikeyBall/BrawlOfBots/Content/Assets/Icons/Map.uasset" 413
"D:/Design and Programming/Level 6- Year 3/SeniorCollab/SpikeyBall/BrawlOfBots/Content/Jamie/Blueprint/Managers/BP_BattleMapManager.uasset" 414
"D:/Design and Programming/Level 6- Year 3/SeniorCollab/SpikeyBall/BrawlOfBots/Content/Jamie/Blueprint/Characters/BP_SpawnPoint.uasset" 415
"D:/Design and Programming/Level 6- Year 3/SeniorCollab/SpikeyBall/BrawlOfBots/Content/Callum/Widgets/Controller_WIP.uasset" 416
"D:/Design and Programming/Level 6- Year 3/SeniorCollab/SpikeyBall/BrawlOfBots/Content/Callum/Widgets/Controller_screen_W.uasset" 417
"D:/Design and Programming/Level 6- Year 3/SeniorCollab/SpikeyBall/BrawlOfBots/Content/Jamie/Interfaces/Character/BPI_PlayerController.uasset" 418
"D:/Design and Programming/Level 6- Year 3/SeniorCollab/SpikeyBall/BrawlOfBots/Content/Jamie/Interfaces/Character/BPI_BotsController.uasset" 419
"D:/Design and Programming/Level 6- Year 3/SeniorCollab/SpikeyBall/BrawlOfBots/Content/Callum/Characters/C_BrawlOfBots.uasset" 420
"D:/Design and Programming/Level 6- Year 3/SeniorCollab/SpikeyBall/BrawlOfBots/Content/Jamie/Blueprint/GameMode/GM_Base_BrawlOfBots.uasset" 421
"D:/Design and Programming/Level 6- Year 3/SeniorCollab/SpikeyBall/BrawlOfBots/Content/Jamie/Interfaces/GameMode/BPI_BotsGameMode.uasset" 422
"D:/Design and Programming/Level 6- Year 3/SeniorCollab/SpikeyBall/BrawlOfBots/Content/Jamie/Interfaces/Power-up/BPI_Usable.uasset" 423
"D:/Design and Programming/Level 6- Year 3/SeniorCollab/SpikeyBall/BrawlOfBots/Content/Callum/Music/Sounds/Powerup_Sound.uasset" 424
"D:/Design and Programming/Level 6- Year 3/SeniorCollab/SpikeyBall/BrawlOfBots/Content/Jamie/Blueprint/Power-ups/BaseClasses/BP_BasePickUp.uasset" 425
"D:/Design and Programming/Level 6- Year 3/SeniorCollab/SpikeyBall/BrawlOfBots/Content/Jamie/Enum/DataTypes/PowerUpType.uasset" 426
"D:/Design and Programming/Level 6- Year 3/SeniorCollab/SpikeyBall/BrawlOfBots/Content/Liam/Tiles/01_-_Default_ncl1_3.uasset" 427
"D:/Design and Programming/Level 6- Year 3/SeniorCollab/SpikeyBall/BrawlOfBots/Content/Liam/Tiles/01_-_Default_ncl1_1.uasset" 428
"D:/Design and Programming/Level 6- Year 3/SeniorCollab/SpikeyBall/BrawlOfBots/Content/Liam/Tiles/01_-_Default.uasset" 429
"D:/Design and Programming/Level 6- Year 3/SeniorCollab/SpikeyBall/BrawlOfBots/Content/Liam/Tiles/Hex_Button.uasset" 430
"D:/Design and Programming/Level 6- Year 3/SeniorCollab/SpikeyBall/BrawlOfBots/Content/Jamie/Blueprint/Power-ups/Spawning/BP_Power-upSpawner.uasset" 431
"D:/Design and Programming/Level 6- Year 3/SeniorCollab/SpikeyBall/BrawlOfBots/Content/Assets/Icons/Powerup.uasset" 432
"D:/Design and Programming/Level 6- Year 3/SeniorCollab/SpikeyBall/BrawlOfBots/Content/Jamie/Blueprint/Managers/BP_PowerupManager.uasset" 433
"D:/Design and Programming/Level 6- Year 3/SeniorCollab/SpikeyBall/BrawlOfBots/Content/Jamie/Structs/StructsForDataTables/Struct_PowerUpData.uasset" 434
"D:/Design and Programming/Level 6- Year 3/SeniorCollab/SpikeyBall/BrawlOfBots/Content/Liam/Power-upIcons/PowerUPs/01_-_Default_ncl1_3.uasset" 435
"D:/Design and Programming/Level 6- Year 3/SeniorCollab/SpikeyBall/BrawlOfBots/Content/Liam/Power-upIcons/PowerUPs/01_-_Default_ncl1_2.uasset" 436
"D:/Design and Programming/Level 6- Year 3/SeniorCollab/SpikeyBall/BrawlOfBots/Content/Liam/Power-upIcons/PowerUPs/01_-_Default_ncl1_1.uasset" 437
"D:/Design and Programming/Level 6- Year 3/SeniorCollab/SpikeyBall/BrawlOfBots/Content/Liam/Power-upIcons/PowerUPs/SM_Shotgun_powerup.uasset" 438
"D:/Design and Programming/Level 6- Year 3/SeniorCollab/SpikeyBall/BrawlOfBots/Content/Liam/Power-upIcons/PowerUPs/Material__1432.uasset" 439
"D:/Design and Programming/Level 6- Year 3/SeniorCollab/SpikeyBall/BrawlOfBots/Content/Liam/Power-upIcons/PowerUPs/8_2.uasset" 440
"D:/Design and Programming/Level 6- Year 3/SeniorCollab/SpikeyBall/BrawlOfBots/Content/Liam/Power-upIcons/PowerUPs/7_2.uasset" 441
"D:/Design and Programming/Level 6- Year 3/SeniorCollab/SpikeyBall/BrawlOfBots/Content/Liam/Power-upIcons/PowerUPs/6_2.uasset" 442
"D:/Design and Programming/Level 6- Year 3/SeniorCollab/SpikeyBall/BrawlOfBots/Content/Liam/Power-upIcons/PowerUPs/SM_CluckinHell_powerup.uasset" 443
"D:/Design and Programming/Level 6- Year 3/SeniorCollab/SpikeyBall/BrawlOfBots/Content/Liam/Power-upIcons/PowerUPs/Mat_BubbleGum.uasset" 444
"D:/Design and Programming/Level 6- Year 3/SeniorCollab/SpikeyBall/BrawlOfBots/Content/Liam/Power-upIcons/PowerUPs/SM_BubbleGumBarrier_powerup.uasset" 445
"D:/Design and Programming/Level 6- Year 3/SeniorCollab/SpikeyBall/BrawlOfBots/Content/Liam/Power-upIcons/PowerUPs/4_2.uasset" 446
"D:/Design and Programming/Level 6- Year 3/SeniorCollab/SpikeyBall/BrawlOfBots/Content/Liam/Power-upIcons/PowerUPs/3_2.uasset" 447
"D:/Design and Programming/Level 6- Year 3/SeniorCollab/SpikeyBall/BrawlOfBots/Content/Liam/Power-upIcons/PowerUPs/SM_BoxingGlove_powerup.uasset" 448
"../../Plugins/FX/Niagara/Content/Modules/Spawn/Initialization/InitializeParticle.uasset" 449
"../../Plugins/FX/Niagara/Content/DynamicInputs/Helpers/SimulationPosition.uasset" 450
"../../Plugins/FX/Niagara/Content/Modules/Spawn/Velocity/AddVelocity.uasset" 451
"../../Plugins/FX/Niagara/Content/Modules/Update/Color/Color.uasset" 452
"../../Plugins/FX/Niagara/Content/Functions/Spline/FindPositionOnBezierSpline.uasset" 453
"../../Plugins/FX/Niagara/Content/Functions/NormalizedExecutionIndex.uasset" 454
"../../Plugins/FX/Niagara/Content/Modules/Beams/SpawnBeam.uasset" 455
"../../Plugins/FX/Niagara/Content/Modules/Beams/BeamWidth.uasset" 456
"../../Plugins/FX/Niagara/Content/Functions/Localspace/TransformPosition.uasset" 457
"../../Plugins/FX/Niagara/Content/DynamicInputs/Multiply/Multiply_VectorByFloat.uasset" 458
"../../Plugins/FX/Niagara/Content/Modules/Beams/BeamEmitterSetup.uasset" 459
"../../Plugins/FX/Niagara/Content/DefaultAssets/DefaultRIbbonMaterial.uasset" 460
"D:/Design and Programming/Level 6- Year 3/SeniorCollab/SpikeyBall/BrawlOfBots/Content/Jamie/VFX/Emit_Shot.uasset" 461
"D:/Design and Programming/Level 6- Year 3/SeniorCollab/SpikeyBall/BrawlOfBots/Content/Jamie/VFX/Sys_WaterShot.uasset" 462
"D:/Design and Programming/Level 6- Year 3/SeniorCollab/SpikeyBall/BrawlOfBots/Content/Liam/Power-upIcons/PowerUPs/SM_Sniper_powerup.uasset" 463
"../../Plugins/FX/Niagara/Content/DynamicInputs/UniformRange/V3/RandomRangeLinearColor.uasset" 464
"../../Plugins/FX/Niagara/Content/Modules/Spawn/MeshInterface/SampleStaticMesh.uasset" 465
"../../Plugins/FX/Niagara/Content/Modules/Spawn/Location/StaticMeshLocation.uasset" 466
"../../Plugins/FX/Niagara/Content/DefaultAssets/DefaultSpriteMaterial.uasset" 467
"D:/Design and Programming/Level 6- Year 3/SeniorCollab/SpikeyBall/BrawlOfBots/Content/Jamie/VFX/Emit_PickUp.uasset" 468
"D:/Design and Programming/Level 6- Year 3/SeniorCollab/SpikeyBall/BrawlOfBots/Content/Jamie/VFX/Sys_PartyTime.uasset" 469
"../../Plugins/FX/Niagara/Content/DynamicInputs/ValueFromCurve/ColorFromCurve.uasset" 470
"../../Plugins/FX/Niagara/Content/DynamicInputs/UniformRange/V2/RandomRangeVector.uasset" 471
"D:/Design and Programming/Level 6- Year 3/SeniorCollab/SpikeyBall/BrawlOfBots/Content/Jamie/VFX/Emit_Freeze.uasset" 472
"D:/Design and Programming/Level 6- Year 3/SeniorCollab/SpikeyBall/BrawlOfBots/Content/Jamie/VFX/Sys_Freeze.uasset" 473
"D:/Design and Programming/Level 6- Year 3/SeniorCollab/SpikeyBall/BrawlOfBots/Content/Jamie/VFX/Sys_ButtedUp.uasset" 474
"D:/Design and Programming/Level 6- Year 3/SeniorCollab/SpikeyBall/BrawlOfBots/Content/Jamie/VFX/Emit_Bubble.uasset" 475
"D:/Design and Programming/Level 6- Year 3/SeniorCollab/SpikeyBall/BrawlOfBots/Content/Jamie/VFX/Sys_BubbleGum.uasset" 476
"D:/Design and Programming/Level 6- Year 3/SeniorCollab/SpikeyBall/BrawlOfBots/Content/Connor/UI/Images/Powerups/Sniper2D.uasset" 477
"D:/Design and Programming/Level 6- Year 3/SeniorCollab/SpikeyBall/BrawlOfBots/Content/Connor/UI/Images/Powerups/Shotgun2D.uasset" 478
"D:/Design and Programming/Level 6- Year 3/SeniorCollab/SpikeyBall/BrawlOfBots/Content/Connor/UI/Images/Powerups/Punchline2D.uasset" 479
"D:/Design and Programming/Level 6- Year 3/SeniorCollab/SpikeyBall/BrawlOfBots/Content/Connor/UI/Images/Powerups/PartyTime2D.uasset" 480
"D:/Design and Programming/Level 6- Year 3/SeniorCollab/SpikeyBall/BrawlOfBots/Content/Connor/UI/Images/Powerups/MirrorTime2D.uasset" 481
"D:/Design and Programming/Level 6- Year 3/SeniorCollab/SpikeyBall/BrawlOfBots/Content/Connor/UI/Images/Powerups/Inked2D.uasset" 482
"D:/Design and Programming/Level 6- Year 3/SeniorCollab/SpikeyBall/BrawlOfBots/Content/Connor/UI/Images/Powerups/Freeze2D.uasset" 483
"D:/Design and Programming/Level 6- Year 3/SeniorCollab/SpikeyBall/BrawlOfBots/Content/Connor/UI/Images/Powerups/Fakeout2D.uasset" 484
"D:/Design and Programming/Level 6- Year 3/SeniorCollab/SpikeyBall/BrawlOfBots/Content/Connor/UI/Images/Powerups/EnergyDrink2D.uasset" 485
"D:/Design and Programming/Level 6- Year 3/SeniorCollab/SpikeyBall/BrawlOfBots/Content/Connor/UI/Images/Powerups/CluckinHell2D.uasset" 486
"D:/Design and Programming/Level 6- Year 3/SeniorCollab/SpikeyBall/BrawlOfBots/Content/Connor/UI/Images/Powerups/ButteredUp2D.uasset" 487
"D:/Design and Programming/Level 6- Year 3/SeniorCollab/SpikeyBall/BrawlOfBots/Content/Connor/UI/Images/Powerups/BubbleGum2D.uasset" 488
"D:/Design and Programming/Level 6- Year 3/SeniorCollab/SpikeyBall/BrawlOfBots/Content/Jamie/DataTables/D_PowerUpData.uasset" 489
"D:/Design and Programming/Level 6- Year 3/SeniorCollab/SpikeyBall/BrawlOfBots/Content/Jamie/Blueprint/Power-ups/BaseClasses/BP_Base_PowerUp.uasset" 490
"../../../Engine/Content/Tutorial/SubEditors/TutorialAssets/Character/TutorialTPP_Skeleton.uasset" 491
"../../../Engine/Content/Tutorial/SubEditors/TutorialAssets/Character/Tutorial_Walk_Fwd.uasset" 492
"../../../Engine/Content/Tutorial/SubEditors/TutorialAssets/Character/Tutorial_Idle.uasset" 493
"../../../Engine/Content/Tutorial/SubEditors/TutorialAssets/Character/NewBlendSpace1D.uasset" 494
"../../../Engine/Content/Animation/DefaultAnimCurveCompressionSettings.uasset" 495
"../../../Engine/Content/Animation/DefaultAnimBoneCompressionSettings.uasset" 496
"D:/Design and Programming/Level 6- Year 3/SeniorCollab/SpikeyBall/BrawlOfBots/Content/Zhi/Animation/Movement/10_Stand_Up_Front_Test.uasset" 497
"D:/Design and Programming/Level 6- Year 3/SeniorCollab/SpikeyBall/BrawlOfBots/Content/Jamie/Animation/Anim_Mon_StandUp_Front.uasset" 498
"D:/Design and Programming/Level 6- Year 3/SeniorCollab/SpikeyBall/BrawlOfBots/Content/Zhi/Animation/Movement/11_Stand_Up_Back_Test.uasset" 499
"D:/Design and Programming/Level 6- Year 3/SeniorCollab/SpikeyBall/BrawlOfBots/Content/Jamie/Animation/Anim_Mon_StandUp_Back.uasset" 500
"D:/Design and Programming/Level 6- Year 3/SeniorCollab/SpikeyBall/BrawlOfBots/Content/Zhi/Animation/Movement/3_Idle_Test.uasset" 501
"D:/Design and Programming/Level 6- Year 3/SeniorCollab/SpikeyBall/BrawlOfBots/Content/Zhi/Animation/Movement/1_Walk_Test.uasset" 502
"D:/Design and Programming/Level 6- Year 3/SeniorCollab/SpikeyBall/BrawlOfBots/Content/Jamie/Animation/Anim_BS_Idle_Walk.uasset" 503
"D:/Design and Programming/Level 6- Year 3/SeniorCollab/SpikeyBall/BrawlOfBots/Content/Zhi/Animation/WinPoses/15_Win_Pose_4_Test.uasset" 504
"D:/Design and Programming/Level 6- Year 3/SeniorCollab/SpikeyBall/BrawlOfBots/Content/Zhi/Animation/WinPoses/14_Win_Pose_3_Test.uasset" 505
"D:/Design and Programming/Level 6- Year 3/SeniorCollab/SpikeyBall/BrawlOfBots/Content/Zhi/Animation/WinPoses/13_Win_Pose_2_Test.uasset" 506
"D:/Design and Programming/Level 6- Year 3/SeniorCollab/SpikeyBall/BrawlOfBots/Content/Zhi/Animation/WinPoses/12_Win_Pose_1_Test.uasset" 507
"D:/Design and Programming/Level 6- Year 3/SeniorCollab/SpikeyBall/BrawlOfBots/Content/Zhi/Animation/PowerUps/6_Shotgun_Hold_Test.uasset" 508
"D:/Design and Programming/Level 6- Year 3/SeniorCollab/SpikeyBall/BrawlOfBots/Content/Zhi/Animation/PowerUps/4_Dance_Bomb_Test_1.uasset" 509
"D:/Design and Programming/Level 6- Year 3/SeniorCollab/SpikeyBall/BrawlOfBots/Content/Zhi/Animation/Movement/2_Jump_Test.uasset" 510
"D:/Design and Programming/Level 6- Year 3/SeniorCollab/SpikeyBall/BrawlOfBots/Content/Jamie/Animation/Anim_BP_BotCharacter.uasset" 511
"D:/Design and Programming/Level 6- Year 3/SeniorCollab/SpikeyBall/BrawlOfBots/Content/Callum/Music/Sounds/Ragdoll.uasset" 512
"D:/Design and Programming/Level 6- Year 3/SeniorCollab/SpikeyBall/BrawlOfBots/Content/Callum/Characters/BP_BotCharacter.uasset" 513
"D:/Design and Programming/Level 6- Year 3/SeniorCollab/SpikeyBall/BrawlOfBots/Content/Jamie/Blueprint/Managers/BP_CharacterCosmeticManager.uasset" 514
"D:/Design and Programming/Level 6- Year 3/SeniorCollab/SpikeyBall/BrawlOfBots/Content/Connor/UI/Images/Iconography/Cursor_Icon.uasset" 515
"D:/Design and Programming/Level 6- Year 3/SeniorCollab/SpikeyBall/BrawlOfBots/Content/Jamie/UI/UI_ControllerMouse.uasset" 516
"D:/Design and Programming/Level 6- Year 3/SeniorCollab/SpikeyBall/BrawlOfBots/Content/Jamie/Blueprint/Characters/BP_MenuPawn.uasset" 517
"D:/Design and Programming/Level 6- Year 3/SeniorCollab/SpikeyBall/BrawlOfBots/Content/Jamie/Blueprint/GameMode/GM_WinGameMode.uasset" 518
"D:/Design and Programming/Level 6- Year 3/SeniorCollab/SpikeyBall/BrawlOfBots/Content/Jamie/Interfaces/GameMode/BPI_WiningStateGameMode.uasset" 519
"D:/Design and Programming/Level 6- Year 3/SeniorCollab/SpikeyBall/BrawlOfBots/Content/Jamie/Blueprint/Controllers/C_MenuController.uasset" 520
"D:/Design and Programming/Level 6- Year 3/SeniorCollab/SpikeyBall/BrawlOfBots/Content/Connor/3DWidgetBP/WBp_3DMenu.uasset" 521
"D:/Design and Programming/Level 6- Year 3/SeniorCollab/SpikeyBall/BrawlOfBots/Content/Connor/3DWidgetBP/Widget_3DUI.uasset" 522
"D:/Design and Programming/Level 6- Year 3/SeniorCollab/SpikeyBall/BrawlOfBots/Content/Connor/3DWidgetBP/MapManager.uasset" 523
"D:/Design and Programming/Level 6- Year 3/SeniorCollab/SpikeyBall/BrawlOfBots/Content/Callum/Music/Quincas_Moreira_-_Robot_City.uasset" 524
"D:/Design and Programming/Level 6- Year 3/SeniorCollab/SpikeyBall/BrawlOfBots/Content/Connor/GameMode/GM_MainMenu.uasset" 525
"D:/Design and Programming/Level 6- Year 3/SeniorCollab/SpikeyBall/BrawlOfBots/Content/Jamie/Blueprint/Characters/Customisation/RenderTargets/Tex_PlayerTwoRenderTarget.uasset" 526
"D:/Design and Programming/Level 6- Year 3/SeniorCollab/SpikeyBall/BrawlOfBots/Content/Jamie/Blueprint/Characters/Customisation/RenderTargets/Mat_PlayerTwoRT.uasset" 527
"D:/Design and Programming/Level 6- Year 3/SeniorCollab/SpikeyBall/BrawlOfBots/Content/Jamie/Blueprint/Characters/Customisation/RenderTargets/Tex_PlayerThreeRenderTarget.uasset" 528
"D:/Design and Programming/Level 6- Year 3/SeniorCollab/SpikeyBall/BrawlOfBots/Content/Jamie/Blueprint/Characters/Customisation/RenderTargets/Mat_PlayerThreeRT.uasset" 529
"D:/Design and Programming/Level 6- Year 3/SeniorCollab/SpikeyBall/BrawlOfBots/Content/Jamie/Blueprint/Characters/Customisation/RenderTargets/Tex_PlayerFourRenderTarget.uasset" 530
"D:/Design and Programming/Level 6- Year 3/SeniorCollab/SpikeyBall/BrawlOfBots/Content/Jamie/Blueprint/Characters/Customisation/RenderTargets/Mat_PlayerFourRT.uasset" 531
"D:/Design and Programming/Level 6- Year 3/SeniorCollab/SpikeyBall/BrawlOfBots/Content/Connor/UI/Images/Iconography/PlusIcon.uasset" 532
"D:/Design and Programming/Level 6- Year 3/SeniorCollab/SpikeyBall/BrawlOfBots/Content/Connor/UI/Images/Iconography/MinusIcon.uasset" 533
"D:/Design and Programming/Level 6- Year 3/SeniorCollab/SpikeyBall/BrawlOfBots/Content/Connor/UI/Images/Iconography/ArrowRightNew.uasset" 534
"D:/Design and Programming/Level 6- Year 3/SeniorCollab/SpikeyBall/BrawlOfBots/Content/Connor/UI/Images/Iconography/ArrowLeftNew.uasset" 535
"D:/Design and Programming/Level 6- Year 3/SeniorCollab/SpikeyBall/BrawlOfBots/Content/Connor/UI/Images/Backgrounds/TipBox.uasset" 536
"D:/Design and Programming/Level 6- Year 3/SeniorCollab/SpikeyBall/BrawlOfBots/Content/Connor/UI/Images/Backgrounds/CharacterBG.uasset" 537
"D:/Design and Programming/Level 6- Year 3/SeniorCollab/SpikeyBall/BrawlOfBots/Content/Connor/UI/Images/Backgrounds/1500x768_Menu.uasset" 538
"D:/Design and Programming/Level 6- Year 3/SeniorCollab/SpikeyBall/BrawlOfBots/Content/Connor/ReusableBP/Wbp_PopupText.uasset" 539
"D:/Design and Programming/Level 6- Year 3/SeniorCollab/SpikeyBall/BrawlOfBots/Content/Jamie/Blueprint/Characters/Customisation/RenderTargets/Tex_PlayerOneRenderTarget.uasset" 540
"D:/Design and Programming/Level 6- Year 3/SeniorCollab/SpikeyBall/BrawlOfBots/Content/Jamie/Blueprint/Characters/Customisation/RenderTargets/Mat_PlayerOneRT.uasset" 541
"D:/Design and Programming/Level 6- Year 3/SeniorCollab/SpikeyBall/BrawlOfBots/Content/Connor/ReusableBP/Wbp_CharacterImage.uasset" 542
"D:/Design and Programming/Level 6- Year 3/SeniorCollab/SpikeyBall/BrawlOfBots/Content/Connor/UI/Images/Buttons/TinyButton.uasset" 543
"D:/Design and Programming/Level 6- Year 3/SeniorCollab/SpikeyBall/BrawlOfBots/Content/Connor/ReusableBP/Wbp_64Button.uasset" 544
"D:/Design and Programming/Level 6- Year 3/SeniorCollab/SpikeyBall/BrawlOfBots/Content/Connor/UI/Images/Iconography/HouseIcon.uasset" 545
"D:/Design and Programming/Level 6- Year 3/SeniorCollab/SpikeyBall/BrawlOfBots/Content/Connor/3DWidgetBP/WBp_3DSetupScreen.uasset" 546
"D:/Design and Programming/Level 6- Year 3/SeniorCollab/SpikeyBall/BrawlOfBots/Content/Connor/ReusableBP/Wbp_PowerupBase.uasset" 547
"D:/Design and Programming/Level 6- Year 3/SeniorCollab/SpikeyBall/BrawlOfBots/Content/Connor/UI/Images/Iconography/ControlScreenPS.uasset" 548
"D:/Design and Programming/Level 6- Year 3/SeniorCollab/SpikeyBall/BrawlOfBots/Content/Connor/UI/Images/Iconography/ControlScreen.uasset" 549
"D:/Design and Programming/Level 6- Year 3/SeniorCollab/SpikeyBall/BrawlOfBots/Content/Connor/UI/Images/Backgrounds/750x768_Menu.uasset" 550
"D:/Design and Programming/Level 6- Year 3/SeniorCollab/SpikeyBall/BrawlOfBots/Content/Connor/UI/Images/Backgrounds/1024x768_Menu.uasset" 551
"D:/Design and Programming/Level 6- Year 3/SeniorCollab/SpikeyBall/BrawlOfBots/Content/Connor/3DWidgetBP/WBp_3DControlsMenu.uasset" 552
"../../../Engine/Content/EngineMeshes/Cube.uasset" 553
"D:/Design and Programming/Level 6- Year 3/SeniorCollab/SpikeyBall/BrawlOfBots/Content/Connor/Scene/Scene_MainMenu_BuiltData.uasset" 554
"D:/Design and Programming/Level 6- Year 3/SeniorCollab/SpikeyBall/BrawlOfBots/Content/Liam/Character/01_-_Default.uasset" 555
"D:/Design and Programming/Level 6- Year 3/SeniorCollab/SpikeyBall/BrawlOfBots/Content/Liam/Character/Optimised_character.uasset" 556
"D:/Design and Programming/Level 6- Year 3/SeniorCollab/SpikeyBall/BrawlOfBots/Content/Connor/UI/Materials/WallMaterialTest.uasset" 557
"D:/Design and Programming/Level 6- Year 3/SeniorCollab/SpikeyBall/BrawlOfBots/Content/Connor/UI/Materials/WallMaterialTest_Mat.uasset" 558
"D:/Design and Programming/Level 6- Year 3/SeniorCollab/SpikeyBall/BrawlOfBots/Content/Connor/UI/Materials/Blank_White.uasset" 559
"D:/Design and Programming/Level 6- Year 3/SeniorCollab/SpikeyBall/BrawlOfBots/Content/Connor/UI/Materials/Blank_red.uasset" 560
"../../../Engine/Content/MapTemplates/SM_Template_Map_Floor.uasset" 561
"../../../Engine/Content/EngineSky/T_Sky_Stars.uasset" 562
"../../../Engine/Content/EngineSky/T_Sky_Clouds_M.uasset" 563
"../../../Engine/Content/EngineSky/T_Sky_Blue.uasset" 564
"../../../Engine/Content/EngineSky/M_Sky_Panning_Clouds2.uasset" 565
"../../../Engine/Content/EngineSky/SM_SkySphere.uasset" 566
"../../../Engine/Content/EngineSky/C_Sky_Zenith_Color.uasset" 567
"../../../Engine/Content/EngineSky/C_Sky_Horizon_Color.uasset" 568
"../../../Engine/Content/EngineSky/C_Sky_Cloud_Color.uasset" 569
"../../../Engine/Content/EngineSky/BP_Sky_Sphere.uasset" 570
"D:/Design and Programming/Level 6- Year 3/SeniorCollab/SpikeyBall/BrawlOfBots/Content/Jamie/SFX/SoundClasses/SoundMix.uasset" 571
"D:/Design and Programming/Level 6- Year 3/SeniorCollab/SpikeyBall/BrawlOfBots/Content/Connor/UI/Images/Iconography/VideoSettingsIcon.uasset" 572
"D:/Design and Programming/Level 6- Year 3/SeniorCollab/SpikeyBall/BrawlOfBots/Content/Connor/UI/Images/Iconography/AudioSettingsIcon.uasset" 573
"D:/Design and Programming/Level 6- Year 3/SeniorCollab/SpikeyBall/BrawlOfBots/Content/Connor/UI/Images/Buttons/Slider.uasset" 574
"D:/Design and Programming/Level 6- Year 3/SeniorCollab/SpikeyBall/BrawlOfBots/Content/Connor/UI/Images/Buttons/SettingsButton.uasset" 575
"D:/Design and Programming/Level 6- Year 3/SeniorCollab/SpikeyBall/BrawlOfBots/Content/Connor/ReusableBP/Wbp_SettingsButtonSmall.uasset" 576
"D:/Design and Programming/Level 6- Year 3/SeniorCollab/SpikeyBall/BrawlOfBots/Content/Connor/ReusableBP/Wbp_SettingsButton.uasset" 577
"D:/Design and Programming/Level 6- Year 3/SeniorCollab/SpikeyBall/BrawlOfBots/Content/Connor/3DWidgetBP/WBp_3DOptionsMenu.uasset" 578
"D:/Design and Programming/Level 6- Year 3/SeniorCollab/SpikeyBall/BrawlOfBots/Content/Connor/UI/Images/Logo/ShieldDiagonal.uasset" 579
"D:/Design and Programming/Level 6- Year 3/SeniorCollab/SpikeyBall/BrawlOfBots/Content/Connor/UI/Images/Logo/Logo_BG.uasset" 580
"D:/Design and Programming/Level 6- Year 3/SeniorCollab/SpikeyBall/BrawlOfBots/Content/Connor/UI/Images/Logo/Explosion_BG.uasset" 581
"D:/Design and Programming/Level 6- Year 3/SeniorCollab/SpikeyBall/BrawlOfBots/Content/Connor/UI/Images/Logo/Explosion2_BG.uasset" 582
"D:/Design and Programming/Level 6- Year 3/SeniorCollab/SpikeyBall/BrawlOfBots/Content/Connor/UI/Images/Logo/BoxingDiagonal.uasset" 583
"D:/Design and Programming/Level 6- Year 3/SeniorCollab/SpikeyBall/BrawlOfBots/Content/Connor/UI/Images/Iconography/SettingsIcon.uasset" 584
"D:/Design and Programming/Level 6- Year 3/SeniorCollab/SpikeyBall/BrawlOfBots/Content/Connor/UI/Images/Iconography/DoorTest.uasset" 585
"D:/Design and Programming/Level 6- Year 3/SeniorCollab/SpikeyBall/BrawlOfBots/Content/Connor/UI/Images/Iconography/ControllerIcon.uasset" 586
"D:/Design and Programming/Level 6- Year 3/SeniorCollab/SpikeyBall/BrawlOfBots/Content/Connor/3DWidgetBP/WBp_3DMainMenu.uasset" 587
"D:/Design and Programming/Level 6- Year 3/SeniorCollab/SpikeyBall/BrawlOfBots/Content/James_Lovell/Materials/Invisible_mat.uasset" 588
"D:/Design and Programming/Level 6- Year 3/SeniorCollab/SpikeyBall/BrawlOfBots/Content/James_Lovell/Models/BM_collision_low.uasset" 589
"D:/Design and Programming/Level 6- Year 3/SeniorCollab/SpikeyBall/BrawlOfBots/Content/Connor/Scene/Scene_MainMenu.umap" 590
"D:/Design and Programming/Level 6- Year 3/SeniorCollab/SpikeyBall/BrawlOfBots/Content/Zhi/Final_Model_Skeleton.uasset" 591
"D:/Design and Programming/Level 6- Year 3/SeniorCollab/SpikeyBall/BrawlOfBots/Content/Zhi/Material__61.uasset" 592
"D:/Design and Programming/Level 6- Year 3/SeniorCollab/SpikeyBall/BrawlOfBots/Content/Zhi/Final_Model.uasset" 593
"D:/Design and Programming/Level 6- Year 3/SeniorCollab/SpikeyBall/BrawlOfBots/Content/MainScene/Scene_MainScene_BuiltData.uasset" 594
"D:/Design and Programming/Level 6- Year 3/SeniorCollab/SpikeyBall/BrawlOfBots/Content/Zhi/Animation/Final_Model_Dance.uasset" 595
"D:/Design and Programming/Level 6- Year 3/SeniorCollab/SpikeyBall/BrawlOfBots/Content/Liam/Power-upIcons/01_-_Default_ncl1_8.uasset" 596
"D:/Design and Programming/Level 6- Year 3/SeniorCollab/SpikeyBall/BrawlOfBots/Content/Liam/Power-upIcons/01_-_Default_ncl1_4.uasset" 597
"D:/Design and Programming/Level 6- Year 3/SeniorCollab/SpikeyBall/BrawlOfBots/Content/Liam/models/6_2.uasset" 598
"D:/Design and Programming/Level 6- Year 3/SeniorCollab/SpikeyBall/BrawlOfBots/Content/Liam/models/2_2.uasset" 599
"D:/Design and Programming/Level 6- Year 3/SeniorCollab/SpikeyBall/BrawlOfBots/Content/Liam/models/Light_down.uasset" 600
"D:/Design and Programming/Level 6- Year 3/SeniorCollab/SpikeyBall/BrawlOfBots/Content/James_Lovell/Models/BM_lightB.uasset" 601
"D:/Design and Programming/Level 6- Year 3/SeniorCollab/SpikeyBall/BrawlOfBots/Content/James_Lovell/Materials/Material__77.uasset" 602
"D:/Design and Programming/Level 6- Year 3/SeniorCollab/SpikeyBall/BrawlOfBots/Content/James_Lovell/Materials/Material__60.uasset" 603
"D:/Design and Programming/Level 6- Year 3/SeniorCollab/SpikeyBall/BrawlOfBots/Content/James_Lovell/Models/BM_lightA.uasset" 604
"D:/Design and Programming/Level 6- Year 3/SeniorCollab/SpikeyBall/BrawlOfBots/Content/James_Lovell/Materials/Material__81.uasset" 605
"D:/Design and Programming/Level 6- Year 3/SeniorCollab/SpikeyBall/BrawlOfBots/Content/James_Lovell/Materials/Material__56.uasset" 606
"D:/Design and Programming/Level 6- Year 3/SeniorCollab/SpikeyBall/BrawlOfBots/Content/James_Lovell/Materials/Material__55.uasset" 607
"D:/Design and Programming/Level 6- Year 3/SeniorCollab/SpikeyBall/BrawlOfBots/Content/James_Lovell/Materials/Material__124.uasset" 608
"D:/Design and Programming/Level 6- Year 3/SeniorCollab/SpikeyBall/BrawlOfBots/Content/James_Lovell/Materials/Material__123.uasset" 609
"D:/Design and Programming/Level 6- Year 3/SeniorCollab/SpikeyBall/BrawlOfBots/Content/James_Lovell/Materials/Material__122.uasset" 610
"D:/Design and Programming/Level 6- Year 3/SeniorCollab/SpikeyBall/BrawlOfBots/Content/James_Lovell/Materials/Material__120.uasset" 611
"D:/Design and Programming/Level 6- Year 3/SeniorCollab/SpikeyBall/BrawlOfBots/Content/James_Lovell/Materials/button2.uasset" 612
"D:/Design and Programming/Level 6- Year 3/SeniorCollab/SpikeyBall/BrawlOfBots/Content/James_Lovell/Models/SM_Nettign_low.uasset" 613
"D:/Design and Programming/Level 6- Year 3/SeniorCollab/SpikeyBall/BrawlOfBots/Content/James_Lovell/Materials/button1.uasset" 614
"D:/Design and Programming/Level 6- Year 3/SeniorCollab/SpikeyBall/BrawlOfBots/Content/James_Lovell/Models/SM_MERGED_SM_turrettop_low_34.uasset" 615
"D:/Design and Programming/Level 6- Year 3/SeniorCollab/SpikeyBall/BrawlOfBots/Content/James_Lovell/Models/SM_MERGED_SM_lightA_low_50.uasset" 616
"D:/Design and Programming/Level 6- Year 3/SeniorCollab/SpikeyBall/BrawlOfBots/Content/James_Lovell/Models/SM_MERGED_BM_buttonB_low_5.uasset" 617
"D:/Design and Programming/Level 6- Year 3/SeniorCollab/SpikeyBall/BrawlOfBots/Content/James_Lovell/Models/BM_buttonA_low.uasset" 618
"D:/Design and Programming/Level 6- Year 3/SeniorCollab/SpikeyBall/BrawlOfBots/Content/James_Lovell/Models/BM_arena_low.uasset" 619
"D:/Design and Programming/Level 6- Year 3/SeniorCollab/SpikeyBall/BrawlOfBots/Content/James_Lovell/Models/BM_areanpillars_low.uasset" 620
"D:/Design and Programming/Level 6- Year 3/SeniorCollab/SpikeyBall/BrawlOfBots/Content/Callum/BP/Managers/BP_EventsManager.uasset" 621
"D:/Design and Programming/Level 6- Year 3/SeniorCollab/SpikeyBall/BrawlOfBots/Content/Callum/BP/Managers/BP_LivesManager.uasset" 622
"D:/Design and Programming/Level 6- Year 3/SeniorCollab/SpikeyBall/BrawlOfBots/Content/Zack/Brawl_Bots_logo_for_mat.uasset" 623
"D:/Design and Programming/Level 6- Year 3/SeniorCollab/SpikeyBall/BrawlOfBots/Content/Zack/Brawl_Bots_Logo_Transparent_Mat.uasset" 624
"D:/Design and Programming/Level 6- Year 3/SeniorCollab/SpikeyBall/BrawlOfBots/Content/James_Lovell/Materials/Material__61.uasset" 625
"D:/Design and Programming/Level 6- Year 3/SeniorCollab/SpikeyBall/BrawlOfBots/Content/James_Lovell/Models/BM_centrearena_low.uasset" 626
"../../../Engine/Content/BasicShapes/Plane.uasset" 627
"D:/Design and Programming/Level 6- Year 3/SeniorCollab/SpikeyBall/BrawlOfBots/Content/Callum/BP/BallRush/Raising_Platform_BP.uasset" 628
"D:/Design and Programming/Level 6- Year 3/SeniorCollab/SpikeyBall/BrawlOfBots/Content/James_Lovell/Models/BM_spectepillars_low_Object085.uasset" 629
"D:/Design and Programming/Level 6- Year 3/SeniorCollab/SpikeyBall/BrawlOfBots/Content/James_Lovell/Materials/Material__80.uasset" 630
"D:/Design and Programming/Level 6- Year 3/SeniorCollab/SpikeyBall/BrawlOfBots/Content/James_Lovell/Materials/Material__79.uasset" 631
"D:/Design and Programming/Level 6- Year 3/SeniorCollab/SpikeyBall/BrawlOfBots/Content/James_Lovell/Models/BM_spectateslides_low_Object126.uasset" 632
"D:/Design and Programming/Level 6- Year 3/SeniorCollab/SpikeyBall/BrawlOfBots/Content/James_Lovell/Materials/Material__109.uasset" 633
"D:/Design and Programming/Level 6- Year 3/SeniorCollab/SpikeyBall/BrawlOfBots/Content/James_Lovell/Models/BM_spectateA_low_spectate_low.uasset" 634
"D:/Design and Programming/Level 6- Year 3/SeniorCollab/SpikeyBall/BrawlOfBots/Content/James_Lovell/Models/BM_slideA_low.uasset" 635
"D:/Design and Programming/Level 6- Year 3/SeniorCollab/SpikeyBall/BrawlOfBots/Content/MainScene/Scene_MainScene.umap" 636
"D:/Design and Programming/Level 6- Year 3/SeniorCollab/SpikeyBall/BrawlOfBots/Content/Jamie/Scene/Scene_CharacterCustomisation_BuiltData.uasset" 637
"D:/Design and Programming/Level 6- Year 3/SeniorCollab/SpikeyBall/BrawlOfBots/Content/Jamie/Blueprint/Characters/Customisation/BP_CharacterSelectionPlatform.uasset" 638
"D:/Design and Programming/Level 6- Year 3/SeniorCollab/SpikeyBall/BrawlOfBots/Content/Jamie/Scene/Scene_CharacterCustomisation.umap" 639
"../../../Engine/Content/Maps/Entry_BuiltData.uasset" 640
"../../../Engine/Content/Maps/Entry.umap" 641
